{"D:\\task9\\src\\arrayBufferConverter.js": {"path":"D:\\task9\\src\\arrayBufferConverter.js","statementMap":{"0":{"start":{"line":4,"column":28},"end":{"line":4,"column":36}},"1":{"start":{"line":5,"column":4},"end":{"line":5,"column":27}},"2":{"start":{"line":9,"column":17},"end":{"line":9,"column":19}},"3":{"start":{"line":10,"column":23},"end":{"line":10,"column":42}},"4":{"start":{"line":11,"column":4},"end":{"line":13,"column":5}},"5":{"start":{"line":11,"column":17},"end":{"line":11,"column":18}},"6":{"start":{"line":12,"column":6},"end":{"line":12,"column":51}},"7":{"start":{"line":14,"column":4},"end":{"line":14,"column":18}}},"fnMap":{"0":{"name":"(anonymous_0)","decl":{"start":{"line":3,"column":2},"end":{"line":3,"column":3}},"loc":{"start":{"line":3,"column":15},"end":{"line":6,"column":3}},"line":3},"1":{"name":"(anonymous_1)","decl":{"start":{"line":8,"column":2},"end":{"line":8,"column":3}},"loc":{"start":{"line":8,"column":16},"end":{"line":15,"column":3}},"line":8}},"branchMap":{},"s":{"0":2,"1":2,"2":1,"3":1,"4":1,"5":1,"6":53,"7":1},"f":{"0":2,"1":1},"b":{},"_coverageSchema":"1a1c01bbd47fc00a2c39e90264f33305004495a9","hash":"7d26ee000e3a080bc78b2886187586f4e3747b51"}
,"D:\\task9\\src\\calculatedamage.js": {"path":"D:\\task9\\src\\calculatedamage.js","statementMap":{"0":{"start":{"line":4,"column":4},"end":{"line":4,"column":29}},"1":{"start":{"line":8,"column":4},"end":{"line":8,"column":24}},"2":{"start":{"line":12,"column":4},"end":{"line":12,"column":25}},"3":{"start":{"line":16,"column":15},"end":{"line":16,"column":73}},"4":{"start":{"line":17,"column":4},"end":{"line":17,"column":22}},"5":{"start":{"line":18,"column":4},"end":{"line":20,"column":5}},"6":{"start":{"line":19,"column":6},"end":{"line":19,"column":43}},"7":{"start":{"line":21,"column":4},"end":{"line":21,"column":51}},"8":{"start":{"line":22,"column":4},"end":{"line":22,"column":24}},"9":{"start":{"line":26,"column":4},"end":{"line":26,"column":25}},"10":{"start":{"line":30,"column":12},"end":{"line":30,"column":34}},"11":{"start":{"line":31,"column":0},"end":{"line":31,"column":18}},"12":{"start":{"line":32,"column":0},"end":{"line":32,"column":16}},"13":{"start":{"line":33,"column":0},"end":{"line":33,"column":11}},"14":{"start":{"line":34,"column":0},"end":{"line":34,"column":16}}},"fnMap":{"0":{"name":"(anonymous_0)","decl":{"start":{"line":3,"column":2},"end":{"line":3,"column":3}},"loc":{"start":{"line":3,"column":24},"end":{"line":5,"column":3}},"line":3},"1":{"name":"(anonymous_1)","decl":{"start":{"line":7,"column":2},"end":{"line":7,"column":3}},"loc":{"start":{"line":7,"column":15},"end":{"line":9,"column":3}},"line":7},"2":{"name":"(anonymous_2)","decl":{"start":{"line":11,"column":2},"end":{"line":11,"column":3}},"loc":{"start":{"line":11,"column":20},"end":{"line":13,"column":3}},"line":11},"3":{"name":"(anonymous_3)","decl":{"start":{"line":15,"column":2},"end":{"line":15,"column":3}},"loc":{"start":{"line":15,"column":15},"end":{"line":23,"column":3}},"line":15},"4":{"name":"(anonymous_4)","decl":{"start":{"line":25,"column":2},"end":{"line":25,"column":3}},"loc":{"start":{"line":25,"column":20},"end":{"line":27,"column":3}},"line":25}},"branchMap":{"0":{"loc":{"start":{"line":18,"column":4},"end":{"line":20,"column":5}},"type":"if","locations":[{"start":{"line":18,"column":4},"end":{"line":20,"column":5}},{"start":{},"end":{}}],"line":18},"1":{"loc":{"start":{"line":21,"column":19},"end":{"line":21,"column":50}},"type":"cond-expr","locations":[{"start":{"line":21,"column":30},"end":{"line":21,"column":46}},{"start":{"line":21,"column":49},"end":{"line":21,"column":50}}],"line":21}},"s":{"0":5,"1":5,"2":3,"3":4,"4":4,"5":4,"6":2,"7":4,"8":4,"9":4,"10":1,"11":1,"12":1,"13":1,"14":1},"f":{"0":5,"1":5,"2":3,"3":4,"4":4},"b":{"0":[2,2],"1":[3,1]},"_coverageSchema":"1a1c01bbd47fc00a2c39e90264f33305004495a9","hash":"ffdd6b92676f4eb27d5d9f0a0a80e0f0ed4cf55f"}
,"D:\\task9\\src\\getBuffer.js": {"path":"D:\\task9\\src\\getBuffer.js","statementMap":{"0":{"start":{"line":2,"column":15},"end":{"line":2,"column":70}},"1":{"start":{"line":3,"column":2},"end":{"line":10,"column":11}},"2":{"start":{"line":4,"column":19},"end":{"line":4,"column":51}},"3":{"start":{"line":5,"column":23},"end":{"line":5,"column":46}},"4":{"start":{"line":6,"column":4},"end":{"line":8,"column":5}},"5":{"start":{"line":6,"column":17},"end":{"line":6,"column":18}},"6":{"start":{"line":7,"column":6},"end":{"line":7,"column":42}},"7":{"start":{"line":9,"column":4},"end":{"line":9,"column":18}}},"fnMap":{"0":{"name":"getBuffer","decl":{"start":{"line":1,"column":24},"end":{"line":1,"column":33}},"loc":{"start":{"line":1,"column":36},"end":{"line":11,"column":1}},"line":1},"1":{"name":"(anonymous_1)","decl":{"start":{"line":3,"column":10},"end":{"line":3,"column":11}},"loc":{"start":{"line":3,"column":21},"end":{"line":10,"column":3}},"line":3}},"branchMap":{},"s":{"0":3,"1":3,"2":3,"3":3,"4":3,"5":3,"6":159,"7":3},"f":{"0":3,"1":3},"b":{},"_coverageSchema":"1a1c01bbd47fc00a2c39e90264f33305004495a9","hash":"747564d0a640a43acbedbd84b088a7fd2706dc63"}
}
