TN:
SF:src\arrayBufferConverter.js
FN:5,(anonymous_0)
FN:11,(anonymous_1)
FNF:2
FNH:2
FNDA:3,(anonymous_0)
FNDA:2,(anonymous_1)
DA:6,3
DA:7,3
DA:12,2
DA:13,2
DA:14,2
DA:16,106
DA:19,2
DA:22,1
DA:23,1
DA:24,1
DA:25,1
DA:26,1
LF:12
LH:12
BRF:0
BRH:0
end_of_record
TN:
SF:src\calculatedamage.js
FN:3,(anonymous_0)
FN:7,(anonymous_1)
FN:11,(anonymous_2)
FN:15,(anonymous_3)
FN:19,(anonymous_4)
FNF:5
FNH:5
FNDA:5,(anonymous_0)
FNDA:5,(anonymous_1)
FNDA:2,(anonymous_2)
FNDA:3,(anonymous_3)
FNDA:4,(anonymous_4)
DA:4,5
DA:8,5
DA:12,2
DA:16,3
DA:20,4
DA:21,4
DA:22,1
DA:24,4
DA:28,1
DA:29,1
LF:10
LH:10
BRDA:21,0,0,1
BRDA:21,0,1,3
BRDA:24,1,0,3
BRDA:24,1,1,1
BRF:4
BRH:4
end_of_record
TN:
SF:src\getBuffer.js
FN:1,getBuffer
FN:3,(anonymous_1)
FNF:2
FNH:2
FNDA:4,getBuffer
FNDA:4,(anonymous_1)
DA:2,4
DA:3,4
DA:4,4
DA:5,4
DA:6,4
DA:7,212
DA:9,4
LF:7
LH:7
BRF:0
BRH:0
end_of_record
