TN:
SF:src\arrayBufferConverter.js
FN:3,(anonymous_0)
FN:8,(anonymous_1)
FNF:2
FNH:2
FNDA:2,(anonymous_0)
FNDA:1,(anonymous_1)
DA:4,2
DA:5,2
DA:9,1
DA:10,1
DA:11,1
DA:12,53
DA:14,1
LF:7
LH:7
BRF:0
BRH:0
end_of_record
TN:
SF:src\calculatedamage.js
FN:3,(anonymous_0)
FN:7,(anonymous_1)
FN:11,(anonymous_2)
FN:15,(anonymous_3)
FN:25,(anonymous_4)
FNF:5
FNH:5
FNDA:5,(anonymous_0)
FNDA:5,(anonymous_1)
FNDA:3,(anonymous_2)
FNDA:4,(anonymous_3)
FNDA:4,(anonymous_4)
DA:4,5
DA:8,5
DA:12,3
DA:16,4
DA:17,4
DA:18,4
DA:19,2
DA:21,4
DA:22,4
DA:26,4
DA:30,1
DA:31,1
DA:32,1
DA:33,1
DA:34,1
LF:15
LH:15
BRDA:18,0,0,2
BRDA:18,0,1,2
BRDA:21,1,0,3
BRDA:21,1,1,1
BRF:4
BRH:4
end_of_record
TN:
SF:src\getBuffer.js
FN:1,getBuffer
FN:3,(anonymous_1)
FNF:2
FNH:2
FNDA:3,getBuffer
FNDA:3,(anonymous_1)
DA:2,3
DA:3,3
DA:4,3
DA:5,3
DA:6,3
DA:7,159
DA:9,3
LF:7
LH:7
BRF:0
BRH:0
end_of_record
